<?xml version="1.0" encoding="UTF-8"?>
<!-- Generated by org.testng.reporters.JUnitReportReporter -->
<testsuite skipped="0" hostname="DESKTOP-F9J2U30" name="methodparametres.Runparametres" tests="1" failures="0" timestamp="11 Oct 2022 06:27:41 GMT" time="3.108" errors="0">
  <testcase name="method" time="3.108" classname="methodparametres.Runparametres"/>
</testsuite> <!-- methodparametres.Runparametres -->
