<?xml version="1.0" encoding="UTF-8"?>
<!-- Generated by org.testng.reporters.JUnitReportReporter -->
<testsuite skipped="1" hostname="DESKTOP-F9J2U30" name="product.pomcreateproduct" tests="1" failures="0" timestamp="6 Oct 2022 12:47:54 GMT" time="0.000" errors="0">
  <testcase name="pomcreateproducttest" time="0.000" classname="product.pomcreateproduct">
    <skipped/>
  </testcase> <!-- pomcreateproducttest -->
</testsuite> <!-- product.pomcreateproduct -->
