<?xml version="1.0" encoding="UTF-8"?>
<!-- Generated by org.testng.reporters.JUnitReportReporter -->
<testsuite skipped="0" hostname="DESKTOP-F9J2U30" name="practise.testngsample" tests="1" failures="0" timestamp="4 Oct 2022 06:32:46 GMT" time="0.016" errors="0">
  <testcase name="customertest" time="0.016" classname="practise.testngsample"/>
</testsuite> <!-- practise.testngsample -->
